<?xml version="1.0" encoding="UTF-8"?>
<!-- Generated by org.testng.reporters.JUnitReportReporter -->
<testsuite hostname="L-156112236" failures="0" tests="1" name="parent1.hai1" time="0.017" errors="0" timestamp="2020-04-07T12:42:21 IST" skipped="0">
  <testcase classname="parent1.hai1" name="gethai" time="0.017"/>
  <system-out/>
</testsuite> <!-- parent1.hai1 -->
