<?xml version="1.0" encoding="UTF-8"?>
<!-- Generated by org.testng.reporters.JUnitReportReporter -->
<testsuite hostname="L-156112236" failures="0" tests="1" name="parent1.AppTest" time="0.013" errors="0" timestamp="2020-04-07T13:08:36 IST" skipped="0">
  <testcase classname="parent1.AppTest" name="hellog" time="0.013"/>
  <system-out/>
</testsuite> <!-- parent1.AppTest -->
