<?xml version="1.0" encoding="UTF-8"?>
<!-- Generated by org.testng.reporters.JUnitReportReporter -->
<testsuite hostname="L-156112236" failures="0" tests="1" name="parent1.hai2" time="0.003" errors="0" timestamp="2020-04-07T12:42:21 IST" skipped="0">
  <testcase classname="parent1.hai2" name="heltij" time="0.003"/>
  <system-out/>
</testsuite> <!-- parent1.hai2 -->
